<?xml version="1.0" encoding="UTF-8"?>
<!-- Generated by org.testng.reporters.JUnitReportReporter -->
<testsuite skipped="0" hostname="NMSLAP494" name="stepDefinitions.C2CustomerOrderSingleLineItem_CGST_SGST" tests="1" failures="0" timestamp="2023-02-12T00:51:14 IST" time="0.112" errors="1">
  <testcase name="C2order_CGST_SGST" time="0.112" classname="stepDefinitions.C2CustomerOrderSingleLineItem_CGST_SGST">
    <error type="java.io.FileNotFoundException" message="D:\Netmeds\Git\src\rwos\rwos-API_automation\Json_Payload_and_Response\C2OrderCreation\c2CGST_SGSTorderpayload.json (The system cannot find the path specified)">
      <![CDATA[java.io.FileNotFoundException: D:\Netmeds\Git\src\rwos\rwos-API_automation\Json_Payload_and_Response\C2OrderCreation\c2CGST_SGSTorderpayload.json (The system cannot find the path specified)
at java.io.FileInputStream.open0(Native Method)
at java.io.FileInputStream.open(Unknown Source)
at java.io.FileInputStream.<init>(Unknown Source)
at com.fasterxml.jackson.core.JsonFactory.createParser(JsonFactory.java:1029)
at com.fasterxml.jackson.databind.ObjectMapper.readValue(ObjectMapper.java:3494)
at base_class_API.Common_Methods.jsonReader(Common_Methods.java:101)
at stepDefinitions.C2CustomerOrderSingleLineItem_CGST_SGST.C2order_CGST_SGST(C2CustomerOrderSingleLineItem_CGST_SGST.java:61)
at sun.reflect.NativeMethodAccessorImpl.invoke0(Native Method)
at sun.reflect.NativeMethodAccessorImpl.invoke(Unknown Source)
at sun.reflect.DelegatingMethodAccessorImpl.invoke(Unknown Source)
at java.lang.reflect.Method.invoke(Unknown Source)
at org.testng.internal.MethodInvocationHelper.invokeMethod(MethodInvocationHelper.java:133)
at org.testng.internal.TestInvoker.invokeMethod(TestInvoker.java:598)
at org.testng.internal.TestInvoker.invokeTestMethod(TestInvoker.java:173)
at org.testng.internal.MethodRunner.runInSequence(MethodRunner.java:46)
at org.testng.internal.TestInvoker$MethodInvocationAgent.invoke(TestInvoker.java:824)
at org.testng.internal.TestInvoker.invokeTestMethods(TestInvoker.java:146)
at org.testng.internal.TestMethodWorker.invokeTestMethods(TestMethodWorker.java:146)
at org.testng.internal.TestMethodWorker.run(TestMethodWorker.java:128)
at java.util.ArrayList.forEach(Unknown Source)
at org.testng.TestRunner.privateRun(TestRunner.java:794)
at org.testng.TestRunner.run(TestRunner.java:596)
at org.testng.SuiteRunner.runTest(SuiteRunner.java:377)
at org.testng.SuiteRunner.runSequentially(SuiteRunner.java:371)
at org.testng.SuiteRunner.privateRun(SuiteRunner.java:332)
at org.testng.SuiteRunner.run(SuiteRunner.java:276)
at org.testng.SuiteRunnerWorker.runSuite(SuiteRunnerWorker.java:53)
at org.testng.SuiteRunnerWorker.run(SuiteRunnerWorker.java:96)
at org.testng.TestNG.runSuitesSequentially(TestNG.java:1212)
at org.testng.TestNG.runSuitesLocally(TestNG.java:1134)
at org.testng.TestNG.runSuites(TestNG.java:1063)
at org.testng.TestNG.run(TestNG.java:1031)
at org.testng.remote.AbstractRemoteTestNG.run(AbstractRemoteTestNG.java:115)
at org.testng.remote.RemoteTestNG.initAndRun(RemoteTestNG.java:251)
at org.testng.remote.RemoteTestNG.main(RemoteTestNG.java:77)
]]>
    </error>
  </testcase> <!-- C2order_CGST_SGST -->
  <system-out/>
</testsuite> <!-- stepDefinitions.C2CustomerOrderSingleLineItem_CGST_SGST -->
